<?xml version="1.0" encoding="utf-8"?>
<test-run id="2" engine-version="3.0" clr-version="4.0">
  <test-run id="2" testcasecount="3" result="Passed" total="3" passed="3" failed="0" inconclusive="0" skipped="0" asserts="56" engine-version="3.5.0.0" clr-version="2.0.50727.1433" start-time="2019-01-14 16:39:11Z" end-time="2019-01-14 16:39:25Z" duration="13.658461">
    <test-suite type="TestSuite" id="1000" name="uAdventurePackage" fullname="uAdventurePackage" runstate="Runnable" testcasecount="3" result="Passed" start-time="2019-01-14 16:39:11Z" end-time="2019-01-14 16:39:25Z" duration="13.658461" total="3" passed="3" failed="0" inconclusive="0" skipped="0" asserts="56">
      <test-suite type="Assembly" id="1005" name="uAdventureEditor.dll" fullname="C:/projects/uadventure/BuildProject/uAdventurePackage/uAdventurePackage/Assets/uAdventure/Editor/Plugins/uAdventureEditor.dll" runstate="Runnable" testcasecount="3" result="Passed" start-time="2019-01-14 16:39:11Z" end-time="2019-01-14 16:39:25Z" duration="13.581445" total="3" passed="3" failed="0" inconclusive="0" skipped="0" asserts="56">
        <properties>
          <property name="_PID" value="2324" />
          <property name="_APPDOMAIN" value="Unity Child Domain" />
        </properties>
        <output>Files generated by test without cleanup.
    Found 10 new files.
    Assets/uAdventure/Resources/CurrentGame/assets/audio
    Assets/uAdventure/Resources/CurrentGame/assets/image
    Assets/uAdventure/Resources/CurrentGame/assets/arrows
    Assets/uAdventure/Resources/CurrentGame/assets/icon
    Assets/uAdventure/Resources/CurrentGame/assets/animation
    Assets/uAdventure/Resources/CurrentGame/gui/buttons
    Assets/uAdventure/Resources/CurrentGame/assets/video
    Assets/uAdventure/Resources/CurrentGame/assets/background
    Assets/uAdventure/Resources/CurrentGame/assets/styledtext
    Assets/uAdventure/Resources/CurrentGame/gui/cursors

</output>
        <test-suite type="TestSuite" id="1006" name="uAdventure" fullname="uAdventure" runstate="Runnable" testcasecount="3" result="Passed" start-time="2019-01-14 16:39:11Z" end-time="2019-01-14 16:39:25Z" duration="13.545786" total="3" passed="3" failed="0" inconclusive="0" skipped="0" asserts="56">
          <test-suite type="TestSuite" id="1007" name="Test" fullname="uAdventure.Test" runstate="Runnable" testcasecount="3" result="Passed" start-time="2019-01-14 16:39:11Z" end-time="2019-01-14 16:39:25Z" duration="13.517380" total="3" passed="3" failed="0" inconclusive="0" skipped="0" asserts="56">
            <test-suite type="TestFixture" id="1001" name="AdventureCreationTests" fullname="uAdventure.Test.AdventureCreationTests" classname="uAdventure.Test.AdventureCreationTests" runstate="Runnable" testcasecount="3" result="Passed" start-time="2019-01-14 16:39:11Z" end-time="2019-01-14 16:39:25Z" duration="13.483807" total="3" passed="3" failed="0" inconclusive="0" skipped="0" asserts="56">
              <output>Controller init
Loading config data at: Assets/uAdventure/Resources/config_editor.xml
Assets/uAdventure/Editor/Resources/i18n/editor/en_EN.xml
Loading file
Can't load Descriptor file: CurrentGame/assets/animation/AlexIdleRight.eaa
Can't load Descriptor file: CurrentGame/assets/animation/AlexIdleRight.eaa
Can't load Descriptor file: CurrentGame/assets/animation/AlexIdleRight.eaa
No se pudo cargar: CurrentGame/assets/animation/AlexIdleRight.eaa
No se pudo cargar: assets/animation/AlexIdleRight.eaa
Unable to load assets/animation/AlexIdleRight.eaa.xml_01
Can't load Descriptor file: CurrentGame/assets/animation/AlexIdleUp.eaa
Can't load Descriptor file: CurrentGame/assets/animation/AlexIdleUp.eaa
Can't load Descriptor file: CurrentGame/assets/animation/AlexIdleUp.eaa
No se pudo cargar: CurrentGame/assets/animation/AlexIdleUp.eaa
No se pudo cargar: assets/animation/AlexIdleUp.eaa
Unable to load assets/animation/AlexIdleUp.eaa.xml_01
Can't load Descriptor file: CurrentGame/assets/animation/AnaLookingDown.eaa
Can't load Descriptor file: CurrentGame/assets/animation/AnaLookingDown.eaa
Can't load Descriptor file: CurrentGame/assets/animation/AnaLookingDown.eaa
No se pudo cargar: CurrentGame/assets/animation/AnaLookingDown.eaa
No se pudo cargar: assets/animation/AnaLookingDown.eaa
Unable to load assets/animation/AnaLookingDown.eaa.xml_01
Loading config data at: Assets/uAdventure/Resources/config_editor.xml
Can't load Descriptor file: CurrentGame/assets/special/EmptyAnimation
Can't load Descriptor file: CurrentGame/assets/special/EmptyAnimation
Can't load Descriptor file: CurrentGame/assets/special/EmptyAnimation
Can't load Descriptor file: CurrentGame/assets/special/EmptyAnimation
Can't load Descriptor file: CurrentGame/assets/special/EmptyAnimation
Can't load Descriptor file: CurrentGame/assets/special/EmptyAnimation
Can't load Descriptor file: CurrentGame/assets/special/EmptyAnimation
Can't load Descriptor file: CurrentGame/assets/special/EmptyAnimation
Saving properties to: C:\projects\uadventure\BuildProject\uAdventurePackage\uAdventurePackage\Assets\uAdventure\Resources\CurrentGame\project.xml
CREATE: C:\projects\uadventure\BuildProject\uAdventurePackage\uAdventurePackage\Assets\uAdventure\Resources\CurrentGame
</output>
              <test-case id="1002" name="CreateFirstPersonAdventure" fullname="uAdventure.Test.AdventureCreationTests.CreateFirstPersonAdventure" methodname="CreateFirstPersonAdventure" classname="uAdventure.Test.AdventureCreationTests" runstate="Runnable" seed="2134373841" result="Passed" start-time="2019-01-14 16:39:19Z" end-time="2019-01-14 16:39:24Z" duration="4.977068" asserts="44">
                <output>Loading config data at: Assets/uAdventure/Resources/config_editor.xml
Can't load Descriptor file: CurrentGame/assets/special/EmptyAnimation
Can't load Descriptor file: CurrentGame/assets/special/EmptyAnimation
Can't load Descriptor file: CurrentGame/assets/special/EmptyAnimation
Can't load Descriptor file: CurrentGame/assets/special/EmptyAnimation
Can't load Descriptor file: CurrentGame/assets/special/EmptyAnimation
Can't load Descriptor file: CurrentGame/assets/special/EmptyAnimation
Can't load Descriptor file: CurrentGame/assets/special/EmptyAnimation
Can't load Descriptor file: CurrentGame/assets/special/EmptyAnimation
Saving properties to: C:\projects\uadventure\BuildProject\uAdventurePackage\uAdventurePackage\Assets\uAdventure\Resources\CurrentGame\project.xml
CREATE: C:\projects\uadventure\BuildProject\uAdventurePackage\uAdventurePackage\Assets\uAdventure\Resources\CurrentGame
</output>
              </test-case>
              <test-case id="1004" name="CreateScene" fullname="uAdventure.Test.AdventureCreationTests.CreateScene" methodname="CreateScene" classname="uAdventure.Test.AdventureCreationTests" runstate="Runnable" seed="969175944" result="Passed" start-time="2019-01-14 16:39:24Z" end-time="2019-01-14 16:39:24Z" duration="0.666220" asserts="6">
                <output>Loading file
Can't load Descriptor file: CurrentGame/assets/special/EmptyAnimation
Can't load Descriptor file: CurrentGame/assets/special/EmptyAnimation
Can't load Descriptor file: CurrentGame/assets/special/EmptyAnimation
Can't load Descriptor file: CurrentGame/assets/special/EmptyAnimation
Can't load Descriptor file: CurrentGame/assets/special/EmptyAnimation
Can't load Descriptor file: CurrentGame/assets/special/EmptyAnimation
Can't load Descriptor file: CurrentGame/assets/special/EmptyAnimation
Can't load Descriptor file: CurrentGame/assets/special/EmptyAnimation
Loading file
Can't load Descriptor file: CurrentGame/assets/special/EmptyAnimation
Can't load Descriptor file: CurrentGame/assets/special/EmptyAnimation
Can't load Descriptor file: CurrentGame/assets/special/EmptyAnimation
Can't load Descriptor file: CurrentGame/assets/special/EmptyAnimation
Can't load Descriptor file: CurrentGame/assets/special/EmptyAnimation
Can't load Descriptor file: CurrentGame/assets/special/EmptyAnimation
Can't load Descriptor file: CurrentGame/assets/special/EmptyAnimation
Can't load Descriptor file: CurrentGame/assets/special/EmptyAnimation
</output>
              </test-case>
              <test-case id="1003" name="LoadAdventure" fullname="uAdventure.Test.AdventureCreationTests.LoadAdventure" methodname="LoadAdventure" classname="uAdventure.Test.AdventureCreationTests" runstate="Runnable" seed="869909889" result="Passed" start-time="2019-01-14 16:39:24Z" end-time="2019-01-14 16:39:25Z" duration="0.199066" asserts="3">
                <output>Loading file
Can't load Descriptor file: CurrentGame/assets/special/EmptyAnimation
Can't load Descriptor file: CurrentGame/assets/special/EmptyAnimation
Can't load Descriptor file: CurrentGame/assets/special/EmptyAnimation
Can't load Descriptor file: CurrentGame/assets/special/EmptyAnimation
Can't load Descriptor file: CurrentGame/assets/special/EmptyAnimation
Can't load Descriptor file: CurrentGame/assets/special/EmptyAnimation
Can't load Descriptor file: CurrentGame/assets/special/EmptyAnimation
Can't load Descriptor file: CurrentGame/assets/special/EmptyAnimation
</output>
              </test-case>
            </test-suite>
          </test-suite>
        </test-suite>
      </test-suite>
    </test-suite>
  </test-run>
</test-run>